<?xml version="1.0" encoding="UTF-8"?>
<!-- Generated by org.testng.reporters.JUnitReportReporter -->
<testsuite hostname="LAPTOP-LIL66L1B" failures="0" tests="3" name="com.wipro.testcases.TestCase1" time="9.845" errors="0" timestamp="2023-06-24T21:49:25 IST" skipped="0">
  <testcase classname="com.wipro.testcases.TestCase1" name="register" time="5.753"/>
  <system-out/>
  <testcase classname="com.wipro.testcases.TestCase1" name="login1" time="2.649"/>
  <system-out/>
  <testcase classname="com.wipro.testcases.TestCase1" name="logout1" time="1.443"/>
  <system-out/>
</testsuite> <!-- com.wipro.testcases.TestCase1 -->
