<?xml version="1.0" encoding="UTF-8"?>
<!-- Generated by org.testng.reporters.JUnitReportReporter -->
<testsuite hostname="LAPTOP-LIL66L1B" failures="0" tests="3" name="com.wipro.testcases.TestCase2" time="13.527" errors="0" timestamp="2023-06-24T21:49:25 IST" skipped="0">
  <testcase classname="com.wipro.testcases.TestCase2" name="login2" time="2.383"/>
  <system-out/>
  <testcase classname="com.wipro.testcases.TestCase2" name="myAccFunctionality" time="0.958"/>
  <system-out/>
  <testcase classname="com.wipro.testcases.TestCase2" name="addressFuctionality" time="10.186"/>
  <system-out/>
</testsuite> <!-- com.wipro.testcases.TestCase2 -->
